0 info it worked if it ends with ok
1 verbose cli [ 'E:\\nodejs_install\\node.exe',
1 verbose cli   'E:\\nodejs_install\\node_modules\\npm\\bin\\npm-cli.js',
1 verbose cli   'run',
1 verbose cli   'start' ]
2 info using npm@3.10.10
3 info using node@v6.9.5
4 verbose run-script [ 'prestart', 'start', 'poststart' ]
5 info lifecycle mongoose02@0.0.0~prestart: mongoose02@0.0.0
6 silly lifecycle mongoose02@0.0.0~prestart: no script for prestart, continuing
7 info lifecycle mongoose02@0.0.0~start: mongoose02@0.0.0
8 verbose lifecycle mongoose02@0.0.0~start: unsafe-perm in lifecycle true
9 verbose lifecycle mongoose02@0.0.0~start: PATH: E:\nodejs_install\node_modules\npm\bin\node-gyp-bin;E:\nodejs_workspace\mongoose02\node_modules\.bin;C:\Program Files (x86)\Common Files\NetSarang;C:\ProgramData\Oracle\Java\javapath;C:\Windows\system32;C:\Windows;C:\Windows\System32\Wbem;C:\Windows\System32\WindowsPowerShell\v1.0\;D:\Java\apache-maven-3.2.5\apache-maven-3.2.5\bin;C:\Program Files\Java\jdk1.8.0_31\lib;C:\Program Files\Java\jdk1.8.0_31\jre\bin;D:\Java\SVN\bin;C:\Program Files\TortoiseGit\bin;E:\nodejs_install\;D:\npm\nodejs\;D:\npm\nodejs\nodejs;D:\npm\nodejs\nodejs\node_global\;D:\npm\nodejs\node_global\node_modules\express;C:\Users\Administrator\AppData\Roaming\npm;D:\npm\nodejs\node_global\node_modules\express
10 verbose lifecycle mongoose02@0.0.0~start: CWD: E:\nodejs_workspace\mongoose02
11 silly lifecycle mongoose02@0.0.0~start: Args: [ '/d /s /c', 'node ./bin/www' ]
12 silly lifecycle mongoose02@0.0.0~start: Returned: code: 1  signal: null
13 info lifecycle mongoose02@0.0.0~start: Failed to exec start script
14 verbose stack Error: mongoose02@0.0.0 start: `node ./bin/www`
14 verbose stack Exit status 1
14 verbose stack     at EventEmitter.<anonymous> (E:\nodejs_install\node_modules\npm\lib\utils\lifecycle.js:255:16)
14 verbose stack     at emitTwo (events.js:106:13)
14 verbose stack     at EventEmitter.emit (events.js:191:7)
14 verbose stack     at ChildProcess.<anonymous> (E:\nodejs_install\node_modules\npm\lib\utils\spawn.js:40:14)
14 verbose stack     at emitTwo (events.js:106:13)
14 verbose stack     at ChildProcess.emit (events.js:191:7)
14 verbose stack     at maybeClose (internal/child_process.js:877:16)
14 verbose stack     at Process.ChildProcess._handle.onexit (internal/child_process.js:226:5)
15 verbose pkgid mongoose02@0.0.0
16 verbose cwd E:\nodejs_workspace\mongoose02
17 error Windows_NT 6.1.7601
18 error argv "E:\\nodejs_install\\node.exe" "E:\\nodejs_install\\node_modules\\npm\\bin\\npm-cli.js" "run" "start"
19 error node v6.9.5
20 error npm  v3.10.10
21 error code ELIFECYCLE
22 error mongoose02@0.0.0 start: `node ./bin/www`
22 error Exit status 1
23 error Failed at the mongoose02@0.0.0 start script 'node ./bin/www'.
23 error Make sure you have the latest version of node.js and npm installed.
23 error If you do, this is most likely a problem with the mongoose02 package,
23 error not with npm itself.
23 error Tell the author that this fails on your system:
23 error     node ./bin/www
23 error You can get information on how to open an issue for this project with:
23 error     npm bugs mongoose02
23 error Or if that isn't available, you can get their info via:
23 error     npm owner ls mongoose02
23 error There is likely additional logging output above.
24 verbose exit [ 1, true ]
